<?xml version="1.0" encoding="UTF-8"?>
<testng-results skipped="0" failed="0" total="1" passed="1">
  <reporter-output>
  </reporter-output>
  <suite name="Default suite" duration-ms="19773" started-at="2020-03-01T04:35:20Z" finished-at="2020-03-01T04:35:40Z">
    <groups>
    </groups>
    <test name="Default test" duration-ms="19773" started-at="2020-03-01T04:35:20Z" finished-at="2020-03-01T04:35:40Z">
      <class name="test.NewAccountTest">
        <test-method status="PASS" signature="OpenANewAccount()[pri:0, instance:test.NewAccountTest@78047b92]" name="OpenANewAccount" duration-ms="19746" started-at="2020-02-29T22:35:20Z" finished-at="2020-02-29T22:35:40Z">
          <reporter-output>
          </reporter-output>
        </test-method> <!-- OpenANewAccount -->
      </class> <!-- test.NewAccountTest -->
    </test> <!-- Default test -->
  </suite> <!-- Default suite -->
</testng-results>
